running egg_info
creating build/intro_to_ros/intro_to_ros.egg-info
writing build/intro_to_ros/intro_to_ros.egg-info/PKG-INFO
writing dependency_links to build/intro_to_ros/intro_to_ros.egg-info/dependency_links.txt
writing entry points to build/intro_to_ros/intro_to_ros.egg-info/entry_points.txt
writing requirements to build/intro_to_ros/intro_to_ros.egg-info/requires.txt
writing top-level names to build/intro_to_ros/intro_to_ros.egg-info/top_level.txt
writing manifest file 'build/intro_to_ros/intro_to_ros.egg-info/SOURCES.txt'
reading manifest file 'build/intro_to_ros/intro_to_ros.egg-info/SOURCES.txt'
writing manifest file 'build/intro_to_ros/intro_to_ros.egg-info/SOURCES.txt'
running build
running build_py
creating /home/sophiac/auvc_ws/src/intro_to_ros/build/intro_to_ros/build
creating /home/sophiac/auvc_ws/src/intro_to_ros/build/intro_to_ros/build/lib
creating /home/sophiac/auvc_ws/src/intro_to_ros/build/intro_to_ros/build/lib/intro_to_ros
copying intro_to_ros/publisher.py -> /home/sophiac/auvc_ws/src/intro_to_ros/build/intro_to_ros/build/lib/intro_to_ros
copying intro_to_ros/bluerov2_sensors.py -> /home/sophiac/auvc_ws/src/intro_to_ros/build/intro_to_ros/build/lib/intro_to_ros
copying intro_to_ros/subscriber.py -> /home/sophiac/auvc_ws/src/intro_to_ros/build/intro_to_ros/build/lib/intro_to_ros
copying intro_to_ros/__init__.py -> /home/sophiac/auvc_ws/src/intro_to_ros/build/intro_to_ros/build/lib/intro_to_ros
running install
running install_lib
creating /home/sophiac/auvc_ws/src/intro_to_ros/install/intro_to_ros/lib/python3.12/site-packages/intro_to_ros
copying /home/sophiac/auvc_ws/src/intro_to_ros/build/intro_to_ros/build/lib/intro_to_ros/publisher.py -> /home/sophiac/auvc_ws/src/intro_to_ros/install/intro_to_ros/lib/python3.12/site-packages/intro_to_ros
copying /home/sophiac/auvc_ws/src/intro_to_ros/build/intro_to_ros/build/lib/intro_to_ros/bluerov2_sensors.py -> /home/sophiac/auvc_ws/src/intro_to_ros/install/intro_to_ros/lib/python3.12/site-packages/intro_to_ros
copying /home/sophiac/auvc_ws/src/intro_to_ros/build/intro_to_ros/build/lib/intro_to_ros/subscriber.py -> /home/sophiac/auvc_ws/src/intro_to_ros/install/intro_to_ros/lib/python3.12/site-packages/intro_to_ros
copying /home/sophiac/auvc_ws/src/intro_to_ros/build/intro_to_ros/build/lib/intro_to_ros/__init__.py -> /home/sophiac/auvc_ws/src/intro_to_ros/install/intro_to_ros/lib/python3.12/site-packages/intro_to_ros
byte-compiling /home/sophiac/auvc_ws/src/intro_to_ros/install/intro_to_ros/lib/python3.12/site-packages/intro_to_ros/publisher.py to publisher.cpython-312.pyc
byte-compiling /home/sophiac/auvc_ws/src/intro_to_ros/install/intro_to_ros/lib/python3.12/site-packages/intro_to_ros/bluerov2_sensors.py to bluerov2_sensors.cpython-312.pyc
byte-compiling /home/sophiac/auvc_ws/src/intro_to_ros/install/intro_to_ros/lib/python3.12/site-packages/intro_to_ros/subscriber.py to subscriber.cpython-312.pyc
byte-compiling /home/sophiac/auvc_ws/src/intro_to_ros/install/intro_to_ros/lib/python3.12/site-packages/intro_to_ros/__init__.py to __init__.cpython-312.pyc
running install_data
creating /home/sophiac/auvc_ws/src/intro_to_ros/install/intro_to_ros/share/ament_index
creating /home/sophiac/auvc_ws/src/intro_to_ros/install/intro_to_ros/share/ament_index/resource_index
creating /home/sophiac/auvc_ws/src/intro_to_ros/install/intro_to_ros/share/ament_index/resource_index/packages
copying resource/intro_to_ros -> /home/sophiac/auvc_ws/src/intro_to_ros/install/intro_to_ros/share/ament_index/resource_index/packages
copying package.xml -> /home/sophiac/auvc_ws/src/intro_to_ros/install/intro_to_ros/share/intro_to_ros
running install_egg_info
Copying build/intro_to_ros/intro_to_ros.egg-info to /home/sophiac/auvc_ws/src/intro_to_ros/install/intro_to_ros/lib/python3.12/site-packages/intro_to_ros-0.0.0-py3.12.egg-info
running install_scripts
Installing bluerov2_sensor script to /home/sophiac/auvc_ws/src/intro_to_ros/install/intro_to_ros/lib/intro_to_ros
Installing publisher script to /home/sophiac/auvc_ws/src/intro_to_ros/install/intro_to_ros/lib/intro_to_ros
writing list of installed files to '/home/sophiac/auvc_ws/src/intro_to_ros/build/intro_to_ros/install.log'
