[0.942s] DEBUG:colcon:Command line arguments: ['/usr/bin/colcon', 'build', '--packages-select', 'intro_to_ros']
[0.942s] DEBUG:colcon:Parsed command line arguments: Namespace(log_base=None, log_level=None, verb_name='build', build_base='build', install_base='install', merge_install=False, symlink_install=False, test_result_base=None, continue_on_error=False, executor='parallel', parallel_workers=4, event_handlers=None, ignore_user_meta=False, metas=['./colcon.meta'], base_paths=['.'], packages_ignore=None, packages_ignore_regex=None, paths=None, packages_up_to=None, packages_up_to_regex=None, packages_above=None, packages_above_and_dependencies=None, packages_above_depth=None, packages_select_by_dep=None, packages_skip_by_dep=None, packages_skip_up_to=None, packages_select_build_failed=False, packages_skip_build_finished=False, packages_select_test_failures=False, packages_skip_test_passed=False, packages_select=['intro_to_ros'], packages_skip=None, packages_select_regex=None, packages_skip_regex=None, packages_start=None, packages_end=None, allow_overriding=[], cmake_args=None, cmake_target=None, cmake_target_skip_unavailable=False, cmake_clean_cache=False, cmake_clean_first=False, cmake_force_configure=False, ament_cmake_args=None, catkin_cmake_args=None, catkin_skip_building_tests=False, mixin_files=None, mixin=None, verb_parser=<colcon_mixin.mixin.mixin_argument.MixinArgumentDecorator object at 0xffff8328a3f0>, verb_extension=<colcon_core.verb.build.BuildVerb object at 0xffff833b1040>, main=<bound method BuildVerb.main of <colcon_core.verb.build.BuildVerb object at 0xffff833b1040>>, mixin_verb=('build',))
[1.160s] Level 1:colcon.colcon_core.package_discovery:discover_packages(colcon_meta) check parameters
[1.160s] Level 1:colcon.colcon_core.package_discovery:discover_packages(recursive) check parameters
[1.160s] Level 1:colcon.colcon_core.package_discovery:discover_packages(ignore) check parameters
[1.161s] Level 1:colcon.colcon_core.package_discovery:discover_packages(path) check parameters
[1.161s] Level 1:colcon.colcon_core.package_discovery:discover_packages(colcon_meta) discover
[1.161s] Level 1:colcon.colcon_core.package_discovery:discover_packages(recursive) discover
[1.161s] INFO:colcon.colcon_core.package_discovery:Crawling recursively for packages in '/home/sophiac/auvc_ws/src/intro_to_ros'
[1.162s] Level 1:colcon.colcon_core.package_identification:_identify(.) by extensions ['ignore', 'ignore_ament_install']
[1.162s] Level 1:colcon.colcon_core.package_identification:_identify(.) by extension 'ignore'
[1.163s] Level 1:colcon.colcon_core.package_identification:_identify(.) by extension 'ignore_ament_install'
[1.163s] Level 1:colcon.colcon_core.package_identification:_identify(.) by extensions ['colcon_pkg']
[1.163s] Level 1:colcon.colcon_core.package_identification:_identify(.) by extension 'colcon_pkg'
[1.164s] Level 1:colcon.colcon_core.package_identification:_identify(.) by extensions ['colcon_meta']
[1.164s] Level 1:colcon.colcon_core.package_identification:_identify(.) by extension 'colcon_meta'
[1.164s] Level 1:colcon.colcon_core.package_identification:_identify(.) by extensions ['ros']
[1.164s] Level 1:colcon.colcon_core.package_identification:_identify(.) by extension 'ros'
[1.303s] DEBUG:colcon.colcon_core.package_identification:Package '.' with type 'ros.ament_python' and name 'intro_to_ros'
[1.304s] Level 1:colcon.colcon_core.package_discovery:discover_packages(recursive) using defaults
[1.304s] Level 1:colcon.colcon_core.package_discovery:discover_packages(ignore) discover
[1.304s] Level 1:colcon.colcon_core.package_discovery:discover_packages(ignore) using defaults
[1.304s] Level 1:colcon.colcon_core.package_discovery:discover_packages(path) discover
[1.304s] Level 1:colcon.colcon_core.package_discovery:discover_packages(path) using defaults
[1.423s] Level 1:colcon.colcon_core.package_discovery:discover_packages(prefix_path) check parameters
[1.423s] Level 1:colcon.colcon_core.package_discovery:discover_packages(prefix_path) discover
[1.443s] DEBUG:colcon.colcon_installed_package_information.package_discovery:Found 1 installed packages in /home/sophiac/auvc_ws/install
[1.454s] DEBUG:colcon.colcon_installed_package_information.package_discovery:Found 257 installed packages in /opt/ros/jazzy
[1.458s] Level 1:colcon.colcon_core.package_discovery:discover_packages(prefix_path) using defaults
[1.685s] Level 5:colcon.colcon_core.verb:set package 'intro_to_ros' build argument 'cmake_args' from command line to 'None'
[1.686s] Level 5:colcon.colcon_core.verb:set package 'intro_to_ros' build argument 'cmake_target' from command line to 'None'
[1.686s] Level 5:colcon.colcon_core.verb:set package 'intro_to_ros' build argument 'cmake_target_skip_unavailable' from command line to 'False'
[1.686s] Level 5:colcon.colcon_core.verb:set package 'intro_to_ros' build argument 'cmake_clean_cache' from command line to 'False'
[1.686s] Level 5:colcon.colcon_core.verb:set package 'intro_to_ros' build argument 'cmake_clean_first' from command line to 'False'
[1.686s] Level 5:colcon.colcon_core.verb:set package 'intro_to_ros' build argument 'cmake_force_configure' from command line to 'False'
[1.686s] Level 5:colcon.colcon_core.verb:set package 'intro_to_ros' build argument 'ament_cmake_args' from command line to 'None'
[1.686s] Level 5:colcon.colcon_core.verb:set package 'intro_to_ros' build argument 'catkin_cmake_args' from command line to 'None'
[1.686s] Level 5:colcon.colcon_core.verb:set package 'intro_to_ros' build argument 'catkin_skip_building_tests' from command line to 'False'
[1.687s] DEBUG:colcon.colcon_core.verb:Building package 'intro_to_ros' with the following arguments: {'ament_cmake_args': None, 'build_base': '/home/sophiac/auvc_ws/src/intro_to_ros/build/intro_to_ros', 'catkin_cmake_args': None, 'catkin_skip_building_tests': False, 'cmake_args': None, 'cmake_clean_cache': False, 'cmake_clean_first': False, 'cmake_force_configure': False, 'cmake_target': None, 'cmake_target_skip_unavailable': False, 'install_base': '/home/sophiac/auvc_ws/src/intro_to_ros/install/intro_to_ros', 'merge_install': False, 'path': '/home/sophiac/auvc_ws/src/intro_to_ros', 'symlink_install': False, 'test_result_base': None}
[1.687s] INFO:colcon.colcon_core.executor:Executing jobs using 'parallel' executor
[1.691s] DEBUG:colcon.colcon_parallel_executor.executor.parallel:run_until_complete
[1.692s] INFO:colcon.colcon_ros.task.ament_python.build:Building ROS package in '/home/sophiac/auvc_ws/src/intro_to_ros' with build type 'ament_python'
[1.693s] Level 1:colcon.colcon_core.shell:create_environment_hook('intro_to_ros', 'ament_prefix_path')
[1.721s] INFO:colcon.colcon_core.plugin_system:Skipping extension 'colcon_core.shell.bat': Not used on non-Windows systems
[1.722s] INFO:colcon.colcon_core.shell:Creating environment hook '/home/sophiac/auvc_ws/src/intro_to_ros/install/intro_to_ros/share/intro_to_ros/hook/ament_prefix_path.ps1'
[1.727s] INFO:colcon.colcon_core.shell:Creating environment descriptor '/home/sophiac/auvc_ws/src/intro_to_ros/install/intro_to_ros/share/intro_to_ros/hook/ament_prefix_path.dsv'
[1.731s] INFO:colcon.colcon_core.shell:Creating environment hook '/home/sophiac/auvc_ws/src/intro_to_ros/install/intro_to_ros/share/intro_to_ros/hook/ament_prefix_path.sh'
[1.734s] INFO:colcon.colcon_core.shell:Skip shell extension 'powershell' for command environment: Not usable outside of PowerShell
[1.735s] DEBUG:colcon.colcon_core.shell:Skip shell extension 'dsv' for command environment
[3.133s] INFO:colcon.colcon_core.task.python.build:Building Python package in '/home/sophiac/auvc_ws/src/intro_to_ros'
[3.134s] INFO:colcon.colcon_core.shell:Skip shell extension 'powershell' for command environment: Not usable outside of PowerShell
[3.135s] DEBUG:colcon.colcon_core.shell:Skip shell extension 'dsv' for command environment
[8.268s] DEBUG:colcon.colcon_core.event_handler.log_command:Invoking command in '/home/sophiac/auvc_ws/src/intro_to_ros': PYTHONPATH=/home/sophiac/auvc_ws/src/intro_to_ros/build/intro_to_ros/prefix_override:/usr/lib/python3/dist-packages/colcon_core/task/python/colcon_distutils_commands:/home/sophiac/auvc_ws/src/intro_to_ros/install/intro_to_ros/lib/python3.12/site-packages:${PYTHONPATH} /usr/bin/python3 -W ignore:setup.py install is deprecated setup.py egg_info --egg-base build/intro_to_ros build --build-base /home/sophiac/auvc_ws/src/intro_to_ros/build/intro_to_ros/build install --record /home/sophiac/auvc_ws/src/intro_to_ros/build/intro_to_ros/install.log --single-version-externally-managed install_data
[12.450s] DEBUG:colcon.colcon_core.event_handler.log_command:Invoked command in '/home/sophiac/auvc_ws/src/intro_to_ros' returned '0': PYTHONPATH=/home/sophiac/auvc_ws/src/intro_to_ros/build/intro_to_ros/prefix_override:/usr/lib/python3/dist-packages/colcon_core/task/python/colcon_distutils_commands:/home/sophiac/auvc_ws/src/intro_to_ros/install/intro_to_ros/lib/python3.12/site-packages:${PYTHONPATH} /usr/bin/python3 -W ignore:setup.py install is deprecated setup.py egg_info --egg-base build/intro_to_ros build --build-base /home/sophiac/auvc_ws/src/intro_to_ros/build/intro_to_ros/build install --record /home/sophiac/auvc_ws/src/intro_to_ros/build/intro_to_ros/install.log --single-version-externally-managed install_data
[12.479s] Level 1:colcon.colcon_core.environment:checking '/home/sophiac/auvc_ws/src/intro_to_ros/install/intro_to_ros' for CMake module files
[12.483s] Level 1:colcon.colcon_core.environment:checking '/home/sophiac/auvc_ws/src/intro_to_ros/install/intro_to_ros' for CMake config files
[12.488s] Level 1:colcon.colcon_core.environment:checking '/home/sophiac/auvc_ws/src/intro_to_ros/install/intro_to_ros/lib'
[12.489s] Level 1:colcon.colcon_core.environment:checking '/home/sophiac/auvc_ws/src/intro_to_ros/install/intro_to_ros/bin'
[12.489s] Level 1:colcon.colcon_core.environment:checking '/home/sophiac/auvc_ws/src/intro_to_ros/install/intro_to_ros/lib/pkgconfig/intro_to_ros.pc'
[12.491s] Level 1:colcon.colcon_core.environment:checking '/home/sophiac/auvc_ws/src/intro_to_ros/install/intro_to_ros/lib/python3.12/site-packages'
[12.491s] Level 1:colcon.colcon_core.shell:create_environment_hook('intro_to_ros', 'pythonpath')
[12.492s] INFO:colcon.colcon_core.shell:Creating environment hook '/home/sophiac/auvc_ws/src/intro_to_ros/install/intro_to_ros/share/intro_to_ros/hook/pythonpath.ps1'
[12.494s] INFO:colcon.colcon_core.shell:Creating environment descriptor '/home/sophiac/auvc_ws/src/intro_to_ros/install/intro_to_ros/share/intro_to_ros/hook/pythonpath.dsv'
[12.495s] INFO:colcon.colcon_core.shell:Creating environment hook '/home/sophiac/auvc_ws/src/intro_to_ros/install/intro_to_ros/share/intro_to_ros/hook/pythonpath.sh'
[12.498s] Level 1:colcon.colcon_core.environment:checking '/home/sophiac/auvc_ws/src/intro_to_ros/install/intro_to_ros/bin'
[12.499s] Level 1:colcon.colcon_core.environment:create_environment_scripts_only(intro_to_ros)
[12.500s] INFO:colcon.colcon_core.shell:Creating package script '/home/sophiac/auvc_ws/src/intro_to_ros/install/intro_to_ros/share/intro_to_ros/package.ps1'
[12.504s] INFO:colcon.colcon_core.shell:Creating package descriptor '/home/sophiac/auvc_ws/src/intro_to_ros/install/intro_to_ros/share/intro_to_ros/package.dsv'
[12.508s] INFO:colcon.colcon_core.shell:Creating package script '/home/sophiac/auvc_ws/src/intro_to_ros/install/intro_to_ros/share/intro_to_ros/package.sh'
[12.512s] INFO:colcon.colcon_core.shell:Creating package script '/home/sophiac/auvc_ws/src/intro_to_ros/install/intro_to_ros/share/intro_to_ros/package.bash'
[12.517s] INFO:colcon.colcon_core.shell:Creating package script '/home/sophiac/auvc_ws/src/intro_to_ros/install/intro_to_ros/share/intro_to_ros/package.zsh'
[12.523s] Level 1:colcon.colcon_core.environment:create_file_with_runtime_dependencies(/home/sophiac/auvc_ws/src/intro_to_ros/install/intro_to_ros/share/colcon-core/packages/intro_to_ros)
[12.525s] DEBUG:colcon.colcon_parallel_executor.executor.parallel:closing loop
[12.527s] DEBUG:colcon.colcon_parallel_executor.executor.parallel:loop closed
[12.528s] DEBUG:colcon.colcon_parallel_executor.executor.parallel:run_until_complete finished with '0'
[12.528s] DEBUG:colcon.colcon_core.event_reactor:joining thread
[12.563s] INFO:colcon.colcon_core.plugin_system:Skipping extension 'colcon_notification.desktop_notification.notify_send': Could not find 'notify-send'
[12.564s] INFO:colcon.colcon_core.plugin_system:Skipping extension 'colcon_notification.desktop_notification.terminal_notifier': Not used on non-Darwin systems
[12.564s] INFO:colcon.colcon_core.plugin_system:Skipping extension 'colcon_notification.desktop_notification.win32': Not used on non-Windows systems
[12.564s] INFO:colcon.colcon_notification.desktop_notification:Sending desktop notification using 'notify2'
[12.568s] DEBUG:colcon.colcon_notification.desktop_notification.notify2:Failed to initialize notify2: org.freedesktop.DBus.Error.ServiceUnknown: The name org.freedesktop.Notifications was not provided by any .service files
[12.569s] DEBUG:colcon.colcon_core.event_reactor:joined thread
[12.570s] INFO:colcon.colcon_core.shell:Creating prefix script '/home/sophiac/auvc_ws/src/intro_to_ros/install/local_setup.ps1'
[12.574s] INFO:colcon.colcon_core.shell:Creating prefix util module '/home/sophiac/auvc_ws/src/intro_to_ros/install/_local_setup_util_ps1.py'
[12.579s] INFO:colcon.colcon_core.shell:Creating prefix chain script '/home/sophiac/auvc_ws/src/intro_to_ros/install/setup.ps1'
[12.585s] INFO:colcon.colcon_core.shell:Creating prefix script '/home/sophiac/auvc_ws/src/intro_to_ros/install/local_setup.sh'
[12.588s] INFO:colcon.colcon_core.shell:Creating prefix util module '/home/sophiac/auvc_ws/src/intro_to_ros/install/_local_setup_util_sh.py'
[12.592s] INFO:colcon.colcon_core.shell:Creating prefix chain script '/home/sophiac/auvc_ws/src/intro_to_ros/install/setup.sh'
[12.599s] INFO:colcon.colcon_core.shell:Creating prefix script '/home/sophiac/auvc_ws/src/intro_to_ros/install/local_setup.bash'
[12.603s] INFO:colcon.colcon_core.shell:Creating prefix chain script '/home/sophiac/auvc_ws/src/intro_to_ros/install/setup.bash'
[12.610s] INFO:colcon.colcon_core.shell:Creating prefix script '/home/sophiac/auvc_ws/src/intro_to_ros/install/local_setup.zsh'
[12.613s] INFO:colcon.colcon_core.shell:Creating prefix chain script '/home/sophiac/auvc_ws/src/intro_to_ros/install/setup.zsh'
